


ARM Macro Assembler    Page 1 


    1 00000000                 AREA             |.text|, CODE, READONLY, ALIGN=
2
    2 00000000         
    3 00000000         f_asm
    4 00000000                 GLOBAL           f_asm
    5 00000000                 EXTERN           ImageMemory
    6 00000000                 EXTERN           Direction
    7 00000000         
    8 00000000                 THUMB
    9 00000000         
   10 00000000 E92D 07FF       push             {r0-r10}
   11 00000004 483B            ldr              r0,=ImageMemory
   12 00000006 F8DF 90F0       ldr              r9,=Direction
   13 0000000A F8D9 8000       ldr              r8, [r9,#0]
   14 0000000E F1B8 0F00       cmp              r8,#0
   15 00000012 D03B            beq              MOVER_ESQUERDA
   16 00000014 F1B8 0F01       cmp              r8,#1
   17 00000018 D054            beq              MOVER_DIREITA
   18 0000001A F1B8 0F02       cmp              r8,#2
   19 0000001E D005            beq              MOVER_BAIXO
   20 00000020 F1B8 0F03       cmp              r8,#3
   21 00000024 D018            beq              MOVER_CIMA
   22 00000026 E8BD 07FF       pop              {r0-r10}
   23 0000002A 4770            bx               lr
   24 0000002C         
   25 0000002C         
   26 0000002C         
   27 0000002C         MOVER_BAIXO
   28 0000002C 4601            mov              r1, r0
   29 0000002E F04F 0700       mov              r7, #0
   30 00000032         
   31 00000032         LOOP_PRINCIPAL_BAIXO
   32 00000032 F101 047F       add              r4, r1, #127
   33 00000036 7823            ldrb             r3, [r4, #0]
   34 00000038         
   35 00000038         DESLOCA_POSICOES_BAIXO
   36 00000038 F1A4 0401       sub              r4, r4, #1
   37 0000003C 7825            ldrb             r5, [r4, #0]
   38 0000003E 7065            strb             r5, [r4, #1]
   39 00000040 428C            cmp              r4, r1
   40 00000042 D1F9            bne              DESLOCA_POSICOES_BAIXO
   41 00000044 700B            strb             r3, [r1, #0]
   42 00000046         
   43 00000046 F101 0180       add              r1, #128
   44 0000004A F107 0701       add              r7, #1
   45 0000004E 2F80            cmp              r7, #128
   46 00000050 D1EF            bne              LOOP_PRINCIPAL_BAIXO
   47 00000052 E8BD 07FF       pop              {r0-r10}
   48 00000056 4770            bx               lr
   49 00000058         
   50 00000058         
   51 00000058         MOVER_CIMA
   52 00000058 4601            mov              r1, r0      ;salva a posicao da
                                                             imagen em r1
   53 0000005A F04F 0700       mov              r7, #0      ; r7 é a linha
   54 0000005E         
   55 0000005E         LOOP_PRINCIPAL_CIMA
   56 0000005E F101 0400       add              r4, r1, #0  ;R4 é a primeira po
                                                            sicao. Salvar para 



ARM Macro Assembler    Page 2 


                                                            recarregar no final
                                                             da linha
   57 00000062 7823            ldrb             r3, [r4, #0] ; R3 tem o valor d
                                                            a primeira posicao 
                                                            salvo
   58 00000064         
   59 00000064         DESLOCA_POSICOES_CIMA
   60 00000064 F104 0401       add              r4, r4, #1
   61 00000068 7825            ldrb             r5, [r4, #0]
   62 0000006A F804 5C01       strb             r5, [r4, #-1]
   63 0000006E F101 067F       add              r6, r1, #127 ;indica a posicao 
                                                            de memoria que corr
                                                            esponde ao final da
                                                             linha atual
   64 00000072 42B4            cmp              r4, r6      ;verifica se r4 che
                                                            gou ao final da lin
                                                            ha
   65 00000074 D1F6            bne              DESLOCA_POSICOES_CIMA
   66 00000076 F881 307F       strb             r3, [r1, #127] ; carrega o valo
                                                            r salvo na ultima c
                                                            oluna da linha
   67 0000007A         
   68 0000007A F101 0180       add              r1, #128
   69 0000007E F107 0701       add              r7, #1
   70 00000082 2F80            cmp              r7, #128
   71 00000084 D1EB            bne              LOOP_PRINCIPAL_CIMA
   72 00000086 E8BD 07FF       pop              {r0-r10}
   73 0000008A 4770            bx               lr
   74 0000008C         
   75 0000008C         
   76 0000008C         MOVER_ESQUERDA
   77 0000008C 4601            mov              r1, r0      ;salva a posicao da
                                                             imagen em r1
   78 0000008E F04F 0700       mov              r7, #0      ; r7 é a linha
   79 00000092         
   80 00000092         LOOP_PRINCIPAL_ESQUERDA
   81 00000092 F101 0400       add              r4, r1, #0  ;R4 é a primeira po
                                                            sicao. Salvar para 
                                                            recarregar no final
                                                             da linha
   82 00000096 7823            ldrb             r3, [r4, #0] ; R3 tem o valor d
                                                            a primeira posicao 
                                                            salvo
   83 00000098         
   84 00000098         DESLOCA_POSICOES_ESQUERDA
   85 00000098 F104 0480       add              r4, r4, #128
   86 0000009C 7825            ldrb             r5, [r4, #0]
   87 0000009E F804 5C80       strb             r5, [r4, #-128]
   88 000000A2 F501 567E       add              r6, r1, #(127*128) ;indica a po
                                                            sicao de memoria qu
                                                            e corresponde ao fi
                                                            nal da linha atual
   89 000000A6 42B4            cmp              r4, r6      ;verifica se r4 che
                                                            gou ao final da lin
                                                            ha
   90 000000A8 D1F6            bne              DESLOCA_POSICOES_ESQUERDA
   91 000000AA F44F 587E       mov              r8, #(127*128)
   92 000000AE F801 3008       strb             r3, [r1, r8] ; carrega o valor 
                                                            salvo na ultima col



ARM Macro Assembler    Page 3 


                                                            una da linha
   93 000000B2         
   94 000000B2 F101 0101       add              r1, #1
   95 000000B6 F107 0701       add              r7, #1
   96 000000BA 2F80            cmp              r7, #128
   97 000000BC D1E9            bne              LOOP_PRINCIPAL_ESQUERDA
   98 000000BE E8BD 07FF       pop              {r0-r10}
   99 000000C2 4770            bx               lr
  100 000000C4         
  101 000000C4         
  102 000000C4         MOVER_DIREITA
  103 000000C4 4601            mov              r1, r0      ;salva a posicao da
                                                             imagen em r1
  104 000000C6 F04F 0700       mov              r7, #0      ; r7 é a linha
  105 000000CA         
  106 000000CA         LOOP_PRINCIPAL_DIREITA
  107 000000CA F501 547E       add              r4, r1, #(127*128) ;R4 é a prim
                                                            eira posicao. Salva
                                                            r para recarregar n
                                                            o final da linha
  108 000000CE 7823            ldrb             r3, [r4, #0] ; R3 tem o valor d
                                                            a primeira posicao 
                                                            salvo
  109 000000D0         
  110 000000D0         DESLOCA_POSICOES_DIREITA
  111 000000D0 F1A4 0480       sub              r4, r4, #128
  112 000000D4 7825            ldrb             r5, [r4, #0]
  113 000000D6 F884 5080       strb             r5, [r4, #128]
  114 000000DA 428C            cmp              r4, r1      ;verifica se r4 che
                                                            gou ao final da lin
                                                            ha
  115 000000DC D1F8            bne              DESLOCA_POSICOES_DIREITA
  116 000000DE 700B            strb             r3, [r1, #0] ; carrega o valor 
                                                            salvo na ultima col
                                                            una da linha
  117 000000E0         
  118 000000E0 F101 0101       add              r1, #1
  119 000000E4 F107 0701       add              r7, #1
  120 000000E8 2F80            cmp              r7, #128
  121 000000EA D1EE            bne              LOOP_PRINCIPAL_DIREITA
  122 000000EC E8BD 07FF       pop              {r0-r10}
  123 000000F0 4770            bx               lr
  124 000000F2         
  125 000000F2                 END
              00 00 00000000 
              00000000 
Command Line: --debug --xref --diag_suppress=9931 --cpu=Cortex-M4.fp --apcs=int
erwork --depend=.\flash\moverimagem.d -o.\flash\moverimagem.o -I.\RTE\_TM4C129_
Flash -IC:\Keil_v5\ARM\PACK\ARM\CMSIS\5.0.1\CMSIS\Include -IC:\Keil_v5\ARM\PACK
\ARM\CMSIS\5.0.1\CMSIS\RTOS\RTX\INC -IC:\Keil_v5\ARM\PACK\Keil\TM4C_DFP\1.1.0\D
evice\Include\TM4C129 --predefine="__RTX SETA 1" --predefine="__EVAL SETA 1" --
predefine="__UVISION_VERSION SETA 524" --predefine="_RTE_ SETA 1" --predefine="
TM4C1294NCPDT SETA 1" --list=.\flash\moverimagem.lst moverImagem.s



ARM Macro Assembler    Page 1 Alphabetic symbol ordering
Relocatable symbols

.text 00000000

Symbol: .text
   Definitions
      At line 1 in file moverImagem.s
   Uses
      None
Comment: .text unused
DESLOCA_POSICOES_BAIXO 00000038

Symbol: DESLOCA_POSICOES_BAIXO
   Definitions
      At line 35 in file moverImagem.s
   Uses
      At line 40 in file moverImagem.s
Comment: DESLOCA_POSICOES_BAIXO used once
DESLOCA_POSICOES_CIMA 00000064

Symbol: DESLOCA_POSICOES_CIMA
   Definitions
      At line 59 in file moverImagem.s
   Uses
      At line 65 in file moverImagem.s
Comment: DESLOCA_POSICOES_CIMA used once
DESLOCA_POSICOES_DIREITA 000000D0

Symbol: DESLOCA_POSICOES_DIREITA
   Definitions
      At line 110 in file moverImagem.s
   Uses
      At line 115 in file moverImagem.s
Comment: DESLOCA_POSICOES_DIREITA used once
DESLOCA_POSICOES_ESQUERDA 00000098

Symbol: DESLOCA_POSICOES_ESQUERDA
   Definitions
      At line 84 in file moverImagem.s
   Uses
      At line 90 in file moverImagem.s
Comment: DESLOCA_POSICOES_ESQUERDA used once
LOOP_PRINCIPAL_BAIXO 00000032

Symbol: LOOP_PRINCIPAL_BAIXO
   Definitions
      At line 31 in file moverImagem.s
   Uses
      At line 46 in file moverImagem.s
Comment: LOOP_PRINCIPAL_BAIXO used once
LOOP_PRINCIPAL_CIMA 0000005E

Symbol: LOOP_PRINCIPAL_CIMA
   Definitions
      At line 55 in file moverImagem.s
   Uses
      At line 71 in file moverImagem.s
Comment: LOOP_PRINCIPAL_CIMA used once
LOOP_PRINCIPAL_DIREITA 000000CA

Symbol: LOOP_PRINCIPAL_DIREITA



ARM Macro Assembler    Page 2 Alphabetic symbol ordering
Relocatable symbols

   Definitions
      At line 106 in file moverImagem.s
   Uses
      At line 121 in file moverImagem.s
Comment: LOOP_PRINCIPAL_DIREITA used once
LOOP_PRINCIPAL_ESQUERDA 00000092

Symbol: LOOP_PRINCIPAL_ESQUERDA
   Definitions
      At line 80 in file moverImagem.s
   Uses
      At line 97 in file moverImagem.s
Comment: LOOP_PRINCIPAL_ESQUERDA used once
MOVER_BAIXO 0000002C

Symbol: MOVER_BAIXO
   Definitions
      At line 27 in file moverImagem.s
   Uses
      At line 19 in file moverImagem.s
Comment: MOVER_BAIXO used once
MOVER_CIMA 00000058

Symbol: MOVER_CIMA
   Definitions
      At line 51 in file moverImagem.s
   Uses
      At line 21 in file moverImagem.s
Comment: MOVER_CIMA used once
MOVER_DIREITA 000000C4

Symbol: MOVER_DIREITA
   Definitions
      At line 102 in file moverImagem.s
   Uses
      At line 17 in file moverImagem.s
Comment: MOVER_DIREITA used once
MOVER_ESQUERDA 0000008C

Symbol: MOVER_ESQUERDA
   Definitions
      At line 76 in file moverImagem.s
   Uses
      At line 15 in file moverImagem.s
Comment: MOVER_ESQUERDA used once
f_asm 00000000

Symbol: f_asm
   Definitions
      At line 3 in file moverImagem.s
   Uses
      At line 4 in file moverImagem.s
Comment: f_asm used once
14 symbols



ARM Macro Assembler    Page 1 Alphabetic symbol ordering
External symbols

Direction 00000000

Symbol: Direction
   Definitions
      At line 6 in file moverImagem.s
   Uses
      At line 12 in file moverImagem.s
Comment: Direction used once
ImageMemory 00000000

Symbol: ImageMemory
   Definitions
      At line 5 in file moverImagem.s
   Uses
      At line 11 in file moverImagem.s
Comment: ImageMemory used once
2 symbols
354 symbols in table
