


ARM Macro Assembler    Page 1 


    1 00000000                 AREA             |.text|, CODE, READONLY, ALIGN=
2
    2 00000000         
    3 00000000         f_asm
    4 00000000                 GLOBAL           f_asm
    5 00000000                 EXTERN           ImageMemory
    6 00000000                 EXTERN           Direction
    7 00000000         
    8 00000000                 THUMB
    9 00000000         
   10 00000000 4833            ldr              r0,=ImageMemory
   11 00000002 F8DF 90D0       ldr              r9,=Direction
   12 00000006 F8D9 8000       ldr              r8, [r9,#0]
   13 0000000A F1B8 0F00       cmp              r8,#0
   14 0000000E D035            beq              MOVER_ESQUERDA
   15 00000010 F1B8 0F01       cmp              r8,#1
   16 00000014 D047            beq              MOVER_DIREITA
   17 00000016 F1B8 0F02       cmp              r8,#2
   18 0000001A D018            beq              MOVER_CIMA
   19 0000001C F1B8 0F03       cmp              r8,#3
   20 00000020 D000            beq              MOVER_BAIXO
   21 00000022         
   22 00000022 4770            bx               lr
   23 00000024         
   24 00000024         
   25 00000024         
   26 00000024         MOVER_BAIXO
   27 00000024 4601            mov              r1, r0
   28 00000026 F04F 0700       mov              r7, #0
   29 0000002A         
   30 0000002A         LOOP_PRINCIPAL_BAIXO
   31 0000002A F101 047F       add              r4, r1, #127
   32 0000002E 6823            ldr              r3, [r4, #0]
   33 00000030         
   34 00000030         ;r4 = índice da posição atual  
   35 00000030         DESLOCA_POSICOES_BAIXO
   36 00000030 F1A4 0401       sub              r4, r4, #1
   37 00000034 6825            ldr              r5, [r4, #0]
   38 00000036 F8C4 5001       str              r5, [r4, #1]
   39 0000003A 428C            cmp              r4, r1
   40 0000003C D1F8            bne              DESLOCA_POSICOES_BAIXO
   41 0000003E 600B            str              r3, [r1, #0]
   42 00000040         
   43 00000040 F101 0180       add              r1, #128
   44 00000044 F107 0701       add              r7, #1
   45 00000048 2F80            cmp              r7, #128
   46 0000004A D1EE            bne              LOOP_PRINCIPAL_BAIXO
   47 0000004C         
   48 0000004C 4770            bx               lr
   49 0000004E         
   50 0000004E         
   51 0000004E         
   52 0000004E         MOVER_CIMA
   53 0000004E 4601            mov              r1, r0
   54 00000050 F04F 0700       mov              r7, #0
   55 00000054         
   56 00000054         LOOP_PRINCIPAL_CIMA
   57 00000054 F101 0400       add              r4, r1, #0
   58 00000058 6823            ldr              r3, [r4, #0]



ARM Macro Assembler    Page 2 


   59 0000005A F101 027F       add              r2, r1, #127
   60 0000005E         
   61 0000005E         ;r4 = índice da posição atual  
   62 0000005E         DESLOCA_POSICOES_CIMA
   63 0000005E F104 0401       add              r4, r4, #1
   64 00000062 F8D4 5001       ldr              r5, [r4, #1]
   65 00000066 6025            str              r5, [r4, #0]
   66 00000068 4294            cmp              r4, r2
   67 0000006A D1F8            bne              DESLOCA_POSICOES_CIMA
   68 0000006C 6013            str              r3, [r2, #0]
   69 0000006E         
   70 0000006E F101 0180       add              r1, #128
   71 00000072 F107 0701       add              r7, #1
   72 00000076 2F80            cmp              r7, #128
   73 00000078 D1EC            bne              LOOP_PRINCIPAL_CIMA
   74 0000007A         
   75 0000007A 4770            bx               lr
   76 0000007C         
   77 0000007C         
   78 0000007C         
   79 0000007C         MOVER_ESQUERDA
   80 0000007C 4601            mov              r1, r0
   81 0000007E F04F 0700       mov              r7, #0
   82 00000082         
   83 00000082         LOOP_PRINCIPAL_ESQUERDA
   84 00000082 F101 047F       add              r4, r1, #127
   85 00000086 6823            ldr              r3, [r4, #0]
   86 00000088         
   87 00000088         ;r4 = índice da posição atual  
   88 00000088         DESLOCA_POSICOES_ESQUERDA
   89 00000088 F1A4 0401       sub              r4, r4, #1
   90 0000008C 6825            ldr              r5, [r4, #0]
   91 0000008E F8C4 5001       str              r5, [r4, #1]
   92 00000092 428C            cmp              r4, r1
   93 00000094 D1F8            bne              DESLOCA_POSICOES_ESQUERDA
   94 00000096 600B            str              r3, [r1, #0]
   95 00000098         
   96 00000098 F101 0180       add              r1, #128
   97 0000009C F107 0701       add              r7, #1
   98 000000A0 2F80            cmp              r7, #128
   99 000000A2 D1EE            bne              LOOP_PRINCIPAL_ESQUERDA
  100 000000A4         
  101 000000A4 4770            bx               lr
  102 000000A6         
  103 000000A6         
  104 000000A6         
  105 000000A6         MOVER_DIREITA
  106 000000A6 4601            mov              r1, r0
  107 000000A8 F04F 0700       mov              r7, #0
  108 000000AC         
  109 000000AC         LOOP_PRINCIPAL_DIREITA
  110 000000AC F101 047F       add              r4, r1, #127
  111 000000B0 6823            ldr              r3, [r4, #0]
  112 000000B2         
  113 000000B2         ;r4 = índice da posição atual  
  114 000000B2         DESLOCA_POSICOES_DIREITA
  115 000000B2 F1A4 0401       sub              r4, r4, #1
  116 000000B6 6825            ldr              r5, [r4, #0]
  117 000000B8 F8C4 5001       str              r5, [r4, #1]



ARM Macro Assembler    Page 3 


  118 000000BC 428C            cmp              r4, r1
  119 000000BE D1F8            bne              DESLOCA_POSICOES_DIREITA
  120 000000C0 600B            str              r3, [r1, #0]
  121 000000C2         
  122 000000C2 F101 0180       add              r1, #128
  123 000000C6 F107 0701       add              r7, #1
  124 000000CA 2F80            cmp              r7, #128
  125 000000CC D1EE            bne              LOOP_PRINCIPAL_DIREITA
  126 000000CE         
  127 000000CE 4770            bx               lr
  128 000000D0         
  129 000000D0                 END
              00000000 
              00000000 
Command Line: --debug --xref --diag_suppress=9931 --cpu=Cortex-M4.fp --apcs=int
erwork --depend=.\flash\moverimagem.d -o.\flash\moverimagem.o -I.\RTE\_TM4C129_
Flash -IC:\Keil_v5\ARM\PACK\ARM\CMSIS\5.0.1\CMSIS\Include -IC:\Keil_v5\ARM\PACK
\ARM\CMSIS\5.0.1\CMSIS\RTOS\RTX\INC -IC:\Keil_v5\ARM\PACK\Keil\TM4C_DFP\1.1.0\D
evice\Include\TM4C129 --predefine="__RTX SETA 1" --predefine="__EVAL SETA 1" --
predefine="__UVISION_VERSION SETA 524" --predefine="_RTE_ SETA 1" --predefine="
TM4C1294NCPDT SETA 1" --list=.\flash\moverimagem.lst moverImagem.s



ARM Macro Assembler    Page 1 Alphabetic symbol ordering
Relocatable symbols

.text 00000000

Symbol: .text
   Definitions
      At line 1 in file moverImagem.s
   Uses
      None
Comment: .text unused
DESLOCA_POSICOES_BAIXO 00000030

Symbol: DESLOCA_POSICOES_BAIXO
   Definitions
      At line 35 in file moverImagem.s
   Uses
      At line 40 in file moverImagem.s
Comment: DESLOCA_POSICOES_BAIXO used once
DESLOCA_POSICOES_CIMA 0000005E

Symbol: DESLOCA_POSICOES_CIMA
   Definitions
      At line 62 in file moverImagem.s
   Uses
      At line 67 in file moverImagem.s
Comment: DESLOCA_POSICOES_CIMA used once
DESLOCA_POSICOES_DIREITA 000000B2

Symbol: DESLOCA_POSICOES_DIREITA
   Definitions
      At line 114 in file moverImagem.s
   Uses
      At line 119 in file moverImagem.s
Comment: DESLOCA_POSICOES_DIREITA used once
DESLOCA_POSICOES_ESQUERDA 00000088

Symbol: DESLOCA_POSICOES_ESQUERDA
   Definitions
      At line 88 in file moverImagem.s
   Uses
      At line 93 in file moverImagem.s
Comment: DESLOCA_POSICOES_ESQUERDA used once
LOOP_PRINCIPAL_BAIXO 0000002A

Symbol: LOOP_PRINCIPAL_BAIXO
   Definitions
      At line 30 in file moverImagem.s
   Uses
      At line 46 in file moverImagem.s
Comment: LOOP_PRINCIPAL_BAIXO used once
LOOP_PRINCIPAL_CIMA 00000054

Symbol: LOOP_PRINCIPAL_CIMA
   Definitions
      At line 56 in file moverImagem.s
   Uses
      At line 73 in file moverImagem.s
Comment: LOOP_PRINCIPAL_CIMA used once
LOOP_PRINCIPAL_DIREITA 000000AC

Symbol: LOOP_PRINCIPAL_DIREITA



ARM Macro Assembler    Page 2 Alphabetic symbol ordering
Relocatable symbols

   Definitions
      At line 109 in file moverImagem.s
   Uses
      At line 125 in file moverImagem.s
Comment: LOOP_PRINCIPAL_DIREITA used once
LOOP_PRINCIPAL_ESQUERDA 00000082

Symbol: LOOP_PRINCIPAL_ESQUERDA
   Definitions
      At line 83 in file moverImagem.s
   Uses
      At line 99 in file moverImagem.s
Comment: LOOP_PRINCIPAL_ESQUERDA used once
MOVER_BAIXO 00000024

Symbol: MOVER_BAIXO
   Definitions
      At line 26 in file moverImagem.s
   Uses
      At line 20 in file moverImagem.s
Comment: MOVER_BAIXO used once
MOVER_CIMA 0000004E

Symbol: MOVER_CIMA
   Definitions
      At line 52 in file moverImagem.s
   Uses
      At line 18 in file moverImagem.s
Comment: MOVER_CIMA used once
MOVER_DIREITA 000000A6

Symbol: MOVER_DIREITA
   Definitions
      At line 105 in file moverImagem.s
   Uses
      At line 16 in file moverImagem.s
Comment: MOVER_DIREITA used once
MOVER_ESQUERDA 0000007C

Symbol: MOVER_ESQUERDA
   Definitions
      At line 79 in file moverImagem.s
   Uses
      At line 14 in file moverImagem.s
Comment: MOVER_ESQUERDA used once
f_asm 00000000

Symbol: f_asm
   Definitions
      At line 3 in file moverImagem.s
   Uses
      At line 4 in file moverImagem.s
Comment: f_asm used once
14 symbols



ARM Macro Assembler    Page 1 Alphabetic symbol ordering
External symbols

Direction 00000000

Symbol: Direction
   Definitions
      At line 6 in file moverImagem.s
   Uses
      At line 11 in file moverImagem.s
Comment: Direction used once
ImageMemory 00000000

Symbol: ImageMemory
   Definitions
      At line 5 in file moverImagem.s
   Uses
      At line 10 in file moverImagem.s
Comment: ImageMemory used once
2 symbols
354 symbols in table
